[    0.000000] Initializing cgroup subsys cpuset
[    0.000000] Initializing cgroup subsys cpu
[    0.000000] Initializing cgroup subsys cpuacct
[    0.000000] Linux version 4.4.0-210-generic (buildd@lgw01-amd64-009) (gcc version 5.4.0 20160609 (Ubuntu 5.4.0-6ubuntu1~16.04.12) ) #242-Ubuntu SMP Fri Apr 16 09:57:56 UTC 2021 (Ubuntu 4.4.0-210.242-generic 4.4.262)
[    0.000000] Command line: BOOT_IMAGE=/boot/vmlinuz-4.4.0-210-generic root=LABEL=cloudimg-rootfs ro console=tty1 console=ttyS0
[    0.000000] KERNEL supported cpus:
[    0.000000]   Intel GenuineIntel
[    0.000000]   AMD AuthenticAMD
[    0.000000]   Centaur CentaurHauls
[    0.000000] x86/fpu: xstate_offset[2]:  576, xstate_sizes[2]:  256
[    0.000000] x86/fpu: Supporting XSAVE feature 0x01: 'x87 floating point registers'
[    0.000000] x86/fpu: Supporting XSAVE feature 0x02: 'SSE registers'
[    0.000000] x86/fpu: Supporting XSAVE feature 0x04: 'AVX registers'
[    0.000000] x86/fpu: Enabled xstate features 0x7, context size is 832 bytes, using 'standard' format.
[    0.000000] e820: BIOS-provided physical RAM map:
[    0.000000] BIOS-e820: [mem 0x0000000000000000-0x000000000009fbff] usable
[    0.000000] BIOS-e820: [mem 0x000000000009fc00-0x000000000009ffff] reserved
[    0.000000] BIOS-e820: [mem 0x00000000000f0000-0x00000000000fffff] reserved
[    0.000000] BIOS-e820: [mem 0x0000000000100000-0x000000007ffeffff] usable
[    0.000000] BIOS-e820: [mem 0x000000007fff0000-0x000000007fffffff] ACPI data
[    0.000000] BIOS-e820: [mem 0x00000000fec00000-0x00000000fec00fff] reserved
[    0.000000] BIOS-e820: [mem 0x00000000fee00000-0x00000000fee00fff] reserved
[    0.000000] BIOS-e820: [mem 0x00000000fffc0000-0x00000000ffffffff] reserved
[    0.000000] NX (Execute Disable) protection: active
[    0.000000] SMBIOS 2.5 present.
[    0.000000] Hypervisor detected: KVM
[    0.000000] e820: last_pfn = 0x7fff0 max_arch_pfn = 0x400000000
[    0.000000] MTRR: Disabled
[    0.000000] x86/PAT: MTRRs disabled, skipping PAT initialization too.
[    0.000000] CPU MTRRs all blank - virtualized system.
[    0.000000] x86/PAT: Configuration [0-7]: WB  WT  UC- UC  WB  WT  UC- UC  
[    0.000000] found SMP MP-table at [mem 0x0009fff0-0x0009ffff] mapped at [ffff88000009fff0]
[    0.000000] Scanning 1 areas for low memory corruption
[    0.000000] RAMDISK: [mem 0x362dc000-0x37165fff]
[    0.000000] ACPI: Early table checksum verification disabled
[    0.000000] ACPI: RSDP 0x00000000000E0000 000024 (v02 VBOX  )
[    0.000000] ACPI: XSDT 0x000000007FFF0030 00003C (v01 VBOX   VBOXXSDT 00000001 ASL  00000061)
[    0.000000] ACPI: FACP 0x000000007FFF00F0 0000F4 (v04 VBOX   VBOXFACP 00000001 ASL  00000061)
[    0.000000] ACPI: DSDT 0x000000007FFF0470 0022EA (v02 VBOX   VBOXBIOS 00000002 INTL 20100528)
[    0.000000] ACPI: FACS 0x000000007FFF0200 000040
[    0.000000] ACPI: FACS 0x000000007FFF0200 000040
[    0.000000] ACPI: APIC 0x000000007FFF0240 00005C (v02 VBOX   VBOXAPIC 00000001 ASL  00000061)
[    0.000000] ACPI: SSDT 0x000000007FFF02A0 0001CC (v01 VBOX   VBOXCPUT 00000002 INTL 20100528)
[    0.000000] No NUMA configuration found
[    0.000000] Faking a node at [mem 0x0000000000000000-0x000000007ffeffff]
[    0.000000] NODE_DATA(0) allocated [mem 0x7ffeb000-0x7ffeffff]
[    0.000000] kvm-clock: Using msrs 4b564d01 and 4b564d00
[    0.000000] kvm-clock: cpu 0, msr 0:7ffe3001, primary cpu clock
[    0.000000] kvm-clock: using sched offset of 3270142599 cycles
[    0.000000] clocksource: kvm-clock: mask: 0xffffffffffffffff max_cycles: 0x1cd42e4dffb, max_idle_ns: 881590591483 ns
[    0.000000] Zone ranges:
[    0.000000]   DMA      [mem 0x0000000000001000-0x0000000000ffffff]
[    0.000000]   DMA32    [mem 0x0000000001000000-0x000000007ffeffff]
[    0.000000]   Normal   empty
[    0.000000]   Device   empty
[    0.000000] Movable zone start for each node
[    0.000000] Early memory node ranges
[    0.000000]   node   0: [mem 0x0000000000001000-0x000000000009efff]
[    0.000000]   node   0: [mem 0x0000000000100000-0x000000007ffeffff]
[    0.000000] Initmem setup node 0 [mem 0x0000000000001000-0x000000007ffeffff]
[    0.000000] ACPI: PM-Timer IO Port: 0x4008
[    0.000000] IOAPIC[0]: apic_id 2, version 32, address 0xfec00000, GSI 0-23
[    0.000000] ACPI: INT_SRC_OVR (bus 0 bus_irq 0 global_irq 2 dfl dfl)
[    0.000000] ACPI: INT_SRC_OVR (bus 0 bus_irq 9 global_irq 9 low level)
[    0.000000] Using ACPI (MADT) for SMP configuration information
[    0.000000] smpboot: Allowing 2 CPUs, 0 hotplug CPUs
[    0.000000] PM: Registered nosave memory: [mem 0x00000000-0x00000fff]
[    0.000000] PM: Registered nosave memory: [mem 0x0009f000-0x0009ffff]
[    0.000000] PM: Registered nosave memory: [mem 0x000a0000-0x000effff]
[    0.000000] PM: Registered nosave memory: [mem 0x000f0000-0x000fffff]
[    0.000000] e820: [mem 0x80000000-0xfebfffff] available for PCI devices
[    0.000000] Booting paravirtualized kernel on KVM
[    0.000000] clocksource: refined-jiffies: mask: 0xffffffff max_cycles: 0xffffffff, max_idle_ns: 7645519600211568 ns
[    0.000000] setup_percpu: NR_CPUS:512 nr_cpumask_bits:512 nr_cpu_ids:2 nr_node_ids:1
[    0.000000] PERCPU: Embedded 33 pages/cpu @ffff88007fc00000 s95192 r8192 d31784 u1048576
[    0.000000] Built 1 zonelists in Node order, mobility grouping on.  Total pages: 515960
[    0.000000] Policy zone: DMA32
[    0.000000] Kernel command line: BOOT_IMAGE=/boot/vmlinuz-4.4.0-210-generic root=LABEL=cloudimg-rootfs ro console=tty1 console=ttyS0
[    0.000000] PID hash table entries: 4096 (order: 3, 32768 bytes)
[    0.000000] Memory: 2029984K/2096696K available (8644K kernel code, 1332K rwdata, 4044K rodata, 1492K init, 1164K bss, 66712K reserved, 0K cma-reserved)
[    0.000000] SLUB: HWalign=64, Order=0-3, MinObjects=0, CPUs=2, Nodes=1
[    0.000000] Kernel/User page tables isolation: enabled
[    0.000000] Hierarchical RCU implementation.
[    0.000000] 	Build-time adjustment of leaf fanout to 64.
[    0.000000] 	RCU restricting CPUs from NR_CPUS=512 to nr_cpu_ids=2.
[    0.000000] RCU: Adjusting geometry for rcu_fanout_leaf=64, nr_cpu_ids=2
[    0.000000] NR_IRQS:33024 nr_irqs:440 16
[    0.000000] Console: colour VGA+ 80x25
[    0.000000] console [tty1] enabled
[    0.000000] console [ttyS0] enabled
[    0.000000] tsc: Detected 3696.000 MHz processor
[    0.425921] Calibrating delay loop (skipped) preset value.. 7392.00 BogoMIPS (lpj=14784000)
[    0.432203] pid_max: default: 32768 minimum: 301
[    0.435735] ACPI: Core revision 20150930
[    0.440884] ACPI: 2 ACPI AML tables successfully acquired and loaded
[    0.445251] Security Framework initialized
[    0.448310] Yama: becoming mindful.
[    0.451704] AppArmor: AppArmor initialized
[    0.458206] Dentry cache hash table entries: 262144 (order: 9, 2097152 bytes)
[    0.463645] Inode-cache hash table entries: 131072 (order: 8, 1048576 bytes)
[    0.471288] Mount-cache hash table entries: 4096 (order: 3, 32768 bytes)
[    0.475576] Mountpoint-cache hash table entries: 4096 (order: 3, 32768 bytes)
[    0.480050] Initializing cgroup subsys io
[    0.482738] Initializing cgroup subsys memory
[    0.486069] Initializing cgroup subsys devices
[    0.491675] Initializing cgroup subsys freezer
[    0.494245] Initializing cgroup subsys net_cls
[    0.497054] Initializing cgroup subsys perf_event
[    0.499730] Initializing cgroup subsys net_prio
[    0.502723] Initializing cgroup subsys hugetlb
[    0.505681] Initializing cgroup subsys pids
[    0.509306] mce: CPU supports 0 MCE banks
[    0.511892] Last level iTLB entries: 4KB 64, 2MB 8, 4MB 8
[    0.514893] Last level dTLB entries: 4KB 64, 2MB 0, 4MB 0, 1GB 4
[    0.518448] Spectre V1 : Mitigation: usercopy/swapgs barriers and __user pointer sanitization
[    0.523986] Spectre V2 : Mitigation: Full generic retpoline
[    0.527208] Spectre V2 : Spectre v2 / SpectreRSB mitigation: Filling RSB on context switch
[    0.532710] Speculative Store Bypass: Vulnerable
[    0.535826] SRBDS: Unknown: Dependent on hypervisor status
[    0.539442] MDS: Vulnerable: Clear CPU buffers attempted, no microcode
[    0.545931] Freeing SMP alternatives memory: 36K
[    0.555765] ftrace: allocating 32380 entries in 127 pages
[    0.624925] smpboot: APIC(0) Converting physical 0 to logical package 0
[    0.629169] smpboot: Max logical packages: 1
[    0.632098] x2apic enabled
[    0.634060] Switched APIC routing to physical x2apic.
[    0.638791] ..TIMER: vector=0x30 apic1=0 pin1=2 apic2=-1 pin2=-1
[    0.751336] smpboot: CPU0: Intel(R) Core(TM) i3-6100 CPU @ 3.70GHz (family: 0x6, model: 0x5e, stepping: 0x3)
[    0.757675] Performance Events: unsupported p6 CPU model 94 no PMU driver, software events only.
[    0.772852] KVM setup paravirtual spinlock
[    0.778124] x86: Booting SMP configuration:
[    0.780797] .... node  #0, CPUs:      #1
[    0.783249] kvm-clock: cpu 1, msr 0:7ffe3041, secondary cpu clock
[    0.791343] mce: CPU supports 0 MCE banks
[    0.798023] x86: Booted up 1 node, 2 CPUs
[    0.800725] smpboot: Total of 2 processors activated (14784.00 BogoMIPS)
[    0.805404] devtmpfs: initialized
[    0.809237] evm: security.selinux
[    0.811305] evm: security.SMACK64
[    0.813497] evm: security.SMACK64EXEC
[    0.816045] evm: security.SMACK64TRANSMUTE
[    0.818091] evm: security.SMACK64MMAP
[    0.820619] evm: security.ima
[    0.822981] evm: security.capability
[    0.825449] clocksource: jiffies: mask: 0xffffffff max_cycles: 0xffffffff, max_idle_ns: 7645041785100000 ns
[    0.831427] futex hash table entries: 512 (order: 3, 32768 bytes)
[    0.835518] pinctrl core: initialized pinctrl subsystem
[    0.838738] RTC time: 11:02:06, date: 11/21/22
[    0.841426] NET: Registered protocol family 16
[    0.856333] cpuidle: using governor ladder
[    0.869097] cpuidle: using governor menu
[    0.871773] PCCT header not found.
[    0.874453] ACPI: bus type PCI registered
[    0.876961] acpiphp: ACPI Hot Plug PCI Controller Driver version: 0.5
[    0.880898] PCI: Using configuration type 1 for base access
[    0.896867] ACPI: Added _OSI(Module Device)
[    0.899762] ACPI: Added _OSI(Processor Device)
[    0.902467] ACPI: Added _OSI(3.0 _SCP Extensions)
[    0.905354] ACPI: Added _OSI(Processor Aggregator Device)
[    0.908942] ACPI: Executed 1 blocks of module-level executable AML code
[    0.915761] ACPI: Interpreter enabled
[    0.918116] ACPI: (supports S0 S5)
[    0.920835] ACPI: Using IOAPIC for interrupt routing
[    0.924356] PCI: Using host bridge windows from ACPI; if necessary, use "pci=nocrs" and report a bug
[    0.934379] ACPI: PCI Root Bridge [PCI0] (domain 0000 [bus 00-ff])
[    0.939427] acpi PNP0A03:00: _OSC: OS supports [ASPM ClockPM Segments MSI]
[    0.943500] acpi PNP0A03:00: _OSC: not requesting OS control; OS requires [ExtendedConfig ASPM ClockPM MSI]
[    0.949931] acpi PNP0A03:00: fail to add MMCONFIG information, can't access extended PCI configuration space under this bridge.
[    0.956743] PCI host bridge to bus 0000:00
[    0.959649] pci_bus 0000:00: root bus resource [io  0x0000-0x0cf7 window]
[    0.963870] pci_bus 0000:00: root bus resource [io  0x0d00-0xffff window]
[    0.967887] pci_bus 0000:00: root bus resource [mem 0x000a0000-0x000bffff window]
[    0.972812] pci_bus 0000:00: root bus resource [mem 0x80000000-0xfdffffff window]
[    0.977383] pci_bus 0000:00: root bus resource [bus 00-ff]
[    0.983214] pci 0000:00:01.1: legacy IDE quirk: reg 0x10: [io  0x01f0-0x01f7]
[    0.987811] pci 0000:00:01.1: legacy IDE quirk: reg 0x14: [io  0x03f6]
[    0.992114] pci 0000:00:01.1: legacy IDE quirk: reg 0x18: [io  0x0170-0x0177]
[    1.010273] pci 0000:00:01.1: legacy IDE quirk: reg 0x1c: [io  0x0376]
[    1.038917] pci 0000:00:07.0: quirk: [io  0x4000-0x403f] claimed by PIIX4 ACPI
[    1.043426] pci 0000:00:07.0: quirk: [io  0x4100-0x410f] claimed by PIIX4 SMB
[    1.063099] ACPI: PCI Interrupt Link [LNKA] (IRQs 5 9 10 *11)
[    1.067191] ACPI: PCI Interrupt Link [LNKB] (IRQs 5 9 *10 11)
[    1.071560] ACPI: PCI Interrupt Link [LNKC] (IRQs 5 *9 10 11)
[    1.075736] ACPI: PCI Interrupt Link [LNKD] (IRQs 5 9 10 *11)
[    1.081238] ACPI: Enabled 2 GPEs in block 00 to 07
[    1.084776] vgaarb: setting as boot device: PCI:0000:00:02.0
[    1.087772] vgaarb: device added: PCI:0000:00:02.0,decodes=io+mem,owns=io+mem,locks=none
[    1.092484] vgaarb: loaded
[    1.094135] vgaarb: bridge control possible 0000:00:02.0
[    1.097361] SCSI subsystem initialized
[    1.099867] ACPI: bus type USB registered
[    1.102400] usbcore: registered new interface driver usbfs
[    1.105851] usbcore: registered new interface driver hub
[    1.108490] usbcore: registered new device driver usb
[    1.111559] PCI: Using ACPI for IRQ routing
[    1.114276] NetLabel: Initializing
[    1.116425] NetLabel:  domain hash size = 128
[    1.119321] NetLabel:  protocols = UNLABELED CIPSOv4
[    1.122283] NetLabel:  unlabeled traffic allowed by default
[    1.125365] amd_nb: Cannot enumerate AMD northbridges
[    1.128383] clocksource: Switched to clocksource kvm-clock
[    1.142096] AppArmor: AppArmor Filesystem Enabled
[    1.145447] pnp: PnP ACPI init
[    1.148050] pnp: PnP ACPI: found 3 devices
[    1.163168] clocksource: acpi_pm: mask: 0xffffff max_cycles: 0xffffff, max_idle_ns: 2085701024 ns
[    1.168561] NET: Registered protocol family 2
[    1.171297] TCP established hash table entries: 16384 (order: 5, 131072 bytes)
[    1.175750] TCP bind hash table entries: 16384 (order: 6, 262144 bytes)
[    1.179755] TCP: Hash tables configured (established 16384 bind 16384)
[    1.183621] UDP hash table entries: 1024 (order: 3, 32768 bytes)
[    1.186987] UDP-Lite hash table entries: 1024 (order: 3, 32768 bytes)
[    1.191620] NET: Registered protocol family 1
[    1.194043] pci 0000:00:00.0: Limiting direct PCI/PCI transfers
[    1.197650] pci 0000:00:01.0: Activating ISA DMA hang workarounds
[    1.201405] Unpacking initramfs...
[    1.436270] Freeing initrd memory: 14888K
[    1.438940] clocksource: tsc: mask: 0xffffffffffffffff max_cycles: 0x6a8d280fdb9, max_idle_ns: 881591151302 ns
[    1.444469] platform rtc_cmos: registered platform RTC device (no PNP device found)
[    1.448719] Scanning for low memory corruption every 60 seconds
[    1.452508] audit: initializing netlink subsys (disabled)
[    1.455998] audit: type=2000 audit(1669028530.881:1): initialized
[    1.459800] Initialise system trusted keyring
[    1.462538] HugeTLB registered 2 MB page size, pre-allocated 0 pages
[    1.467251] zbud: loaded
[    1.469512] VFS: Disk quotas dquot_6.6.0
[    1.472908] VFS: Dquot-cache hash table entries: 512 (order 0, 4096 bytes)
[    1.477576] squashfs: version 4.0 (2009/01/31) Phillip Lougher
[    1.481261] fuse init (API version 7.23)
[    1.483952] Key type big_key registered
[    1.486498] Allocating IMA MOK and blacklist keyrings.
[    1.490725] Key type asymmetric registered
[    1.493143] Asymmetric key parser 'x509' registered
[    1.496343] Block layer SCSI generic (bsg) driver version 0.4 loaded (major 249)
[    1.502324] io scheduler noop registered
[    1.505832] io scheduler deadline registered (default)
[    1.509575] io scheduler cfq registered
[    1.512743] pci_hotplug: PCI Hot Plug PCI Core version: 0.5
[    1.516974] pciehp: PCI Express Hot Plug Controller Driver version: 0.4
[    1.522741] ACPI: AC Adapter [AC] (on-line)
[    1.527212] input: Power Button as /devices/LNXSYSTM:00/LNXPWRBN:00/input/input0
[    1.533818] ACPI: Power Button [PWRF]
[    1.537244] input: Sleep Button as /devices/LNXSYSTM:00/LNXSLPBN:00/input/input1
[    1.547807] ACPI: Sleep Button [SLPF]
[    1.551688] GHES: HEST is not enabled!
[    1.554805] Serial: 8250/16550 driver, 32 ports, IRQ sharing enabled
 456789:;<=>?@ABCUVWXYZ[\]^_`abcdtuvwxyz{|}~ÄÅÇÉãåçéèêëíìîïñóòôöúùûü†°¢£§•¶ß®©™´¨≠ÆØ∞±≤≥¥µ∂∑∏π∫ªºΩæø¿¡¬√ƒ≈∆«“”‘’÷◊ÿŸ⁄€‹›ﬁﬂ‡·ÁËÈÍÎÏÌÓÔÒÚÛÙıˆ˜¯˘˙˚¸˝˛ˇ[    1.579590] 00:02: ttyS0 at I/O 0x3f8 (irq = 4, base_baud = 115200) is a 16550A
[    1.586832] Linux agpgart interface v0.103
[    1.595809] loop: module loaded
[    1.598901] scsi host0: ata_piix
[    1.601876] scsi host1: ata_piix
[    1.604608] ata1: PATA max UDMA/33 cmd 0x1f0 ctl 0x3f6 bmdma 0xd000 irq 14
[    1.608599] ata2: PATA max UDMA/33 cmd 0x170 ctl 0x376 bmdma 0xd008 irq 15
[    1.612544] libphy: Fixed MDIO Bus: probed
[    1.615429] tun: Universal TUN/TAP device driver, 1.6
[    1.618957] tun: (C) 1999-2004 Max Krasnyansky <maxk@qualcomm.com>
[    1.624585] PPP generic driver version 2.4.2
[    1.627399] ehci_hcd: USB 2.0 'Enhanced' Host Controller (EHCI) Driver
[    1.631960] ehci-pci: EHCI PCI platform driver
[    1.634503] ehci-platform: EHCI generic platform driver
[    1.638021] ohci_hcd: USB 1.1 'Open' Host Controller (OHCI) Driver
[    1.642226] ohci-pci: OHCI PCI platform driver
[    1.644974] ohci-platform: OHCI generic platform driver
[    1.648292] uhci_hcd: USB Universal Host Controller Interface driver
[    1.652007] i8042: PNP: PS/2 Controller [PNP0303:PS2K,PNP0f03:PS2M] at 0x60,0x64 irq 1,12
[    1.657494] serio: i8042 KBD port at 0x60,0x64 irq 1
[    1.661129] serio: i8042 AUX port at 0x60,0x64 irq 12
[    1.664627] mousedev: PS/2 mouse device common for all mice
[    1.668950] input: AT Translated Set 2 keyboard as /devices/platform/i8042/serio0/input/input2
[    1.674814] rtc_cmos rtc_cmos: rtc core: registered rtc_cmos as rtc0
[    1.678655] rtc_cmos rtc_cmos: alarms up to one day, 114 bytes nvram
[    1.682541] i2c /dev entries driver
[    1.684749] device-mapper: uevent: version 1.0.3
[    1.687452] device-mapper: ioctl: 4.34.0-ioctl (2015-10-28) initialised: dm-devel@redhat.com
[    1.692702] ledtrig-cpu: registered to indicate activity on CPUs
[    1.696593] NET: Registered protocol family 10
[    1.699340] NET: Registered protocol family 17
[    1.702139] Key type dns_resolver registered
[    1.705746] registered taskstats version 1
[    1.708075] Loading compiled-in X.509 certificates
[    1.711555] Loaded X.509 cert 'Build time autogenerated kernel key: cf00e047681d67edb2720680708b7d9498083038'
[    1.717542] zswap: loaded using pool lzo/zbud
[    1.722941] Key type trusted registered
[    1.728060] Key type encrypted registered
[    1.731125] AppArmor: AppArmor sha1 policy hashing enabled
[    1.734617] ima: No TPM chip found, activating TPM-bypass!
[    1.738253] ima: Allocated hash algorithm: sha1
[    1.741526] evm: HMAC attrs: 0x1
[    1.745131]   Magic number: 14:735:24
[    1.747570] misc cpu_dma_latency: hash matches
[    1.751107] rtc_cmos rtc_cmos: setting system clock to 2022-11-21 11:02:07 UTC (1669028527)
[    1.756828] BIOS EDD facility v0.16 2004-Jun-25, 0 devices found
[    1.760356] EDD information not available.
[    1.770013] Freeing unused kernel memory: 1492K
[    1.784552] Write protecting the kernel read-only data: 14336k
[    1.789553] Freeing unused kernel memory: 1584K
[    1.792584] Freeing unused kernel memory: 52K
Loading, please wait...
starting version 229
[    1.809135] random: systemd-udevd: uninitialized urandom read (16 bytes read, 5 bits of entropy available)
[    1.810231] random: udevadm: uninitialized urandom read (16 bytes read, 5 bits of entropy available)
[    1.810259] random: udevadm: uninitialized urandom read (16 bytes read, 5 bits of entropy available)
[    1.822322] random: udevadm: uninitialized urandom read (16 bytes read, 5 bits of entropy available)
[    1.822378] random: udevadm: uninitialized urandom read (16 bytes read, 5 bits of entropy available)
[    1.822741] random: udevadm: uninitialized urandom read (16 bytes read, 5 bits of entropy available)
[    1.822802] random: udevadm: uninitialized urandom read (16 bytes read, 5 bits of entropy available)
[    1.822853] random: udevadm: uninitialized urandom read (16 bytes read, 5 bits of entropy available)
[    1.822899] random: udevadm: uninitialized urandom read (16 bytes read, 5 bits of entropy available)
[    1.822943] random: udevadm: uninitialized urandom read (16 bytes read, 5 bits of entropy available)
[    1.916382] e1000: Intel(R) PRO/1000 Network Driver - version 7.3.21-k8-NAPI
[    1.922588] e1000: Copyright (c) 1999-2006 Intel Corporation.
[    1.930185] Fusion MPT base driver 3.04.20
[    1.936057] Copyright (c) 1999-2008 LSI Corporation
[    1.971569] Fusion MPT SPI Host driver 3.04.20
[    1.971948] AVX2 version of gcm_enc/dec engaged.
[    1.971949] AES CTR mode by8 optimization enabled
[    2.134053] input: ImExPS/2 Generic Explorer Mouse as /devices/platform/i8042/serio1/input/input4
[    2.395428] e1000 0000:00:03.0 eth0: (PCI:33MHz:32-bit) 02:be:82:6b:cc:1d
[    2.399462] e1000 0000:00:03.0 eth0: Intel(R) PRO/1000 Network Connection
[    2.405108] mptbase: ioc0: Initiating bringup
[    2.469548] ioc0: LSI53C1030 A0: Capabilities={Initiator}
[    2.634625] scsi host2: ioc0: LSI53C1030 A0, FwRev=00000000h, Ports=1, MaxQ=256, IRQ=20
[    2.749561] scsi 2:0:0:0: Direct-Access     VBOX     HARDDISK         1.0  PQ: 0 ANSI: 5
[    2.755178] scsi target2:0:0: Beginning Domain Validation
[    2.759804] scsi target2:0:0: Domain Validation skipping write tests
[    2.763958] scsi target2:0:0: Ending Domain Validation
[    2.767457] scsi target2:0:0: asynchronous
[    2.770659] scsi 2:0:1:0: Direct-Access     VBOX     HARDDISK         1.0  PQ: 0 ANSI: 5
[    2.776263] scsi target2:0:1: Beginning Domain Validation
[    2.781251] scsi target2:0:1: Domain Validation skipping write tests
[    2.786429] scsi target2:0:1: Ending Domain Validation
[    2.807136] scsi target2:0:1: asynchronous
[    2.829639] sd 2:0:0:0: Attached scsi generic sg0 type 0
[    2.833045] sd 2:0:0:0: [sda] 83886080 512-byte logical blocks: (42.9 GB/40.0 GiB)
[    2.839052] sd 2:0:1:0: [sdb] 20480 512-byte logical blocks: (10.5 MB/10.0 MiB)
[    2.843854] sd 2:0:1:0: Attached scsi generic sg1 type 0
[    2.849264] sd 2:0:0:0: [sda] Write Protect is off
[    2.869719] sd 2:0:1:0: [sdb] Write Protect is off
[    2.897338] sd 2:0:0:0: [sda] Incomplete mode parameter data
[    2.901168] sd 2:0:0:0: [sda] Assuming drive cache: write through
[    2.905305] sd 2:0:1:0: [sdb] Incomplete mode parameter data
[    2.909504] sd 2:0:1:0: [sdb] Assuming drive cache: write through
[    2.914666]  sda: sda1
[    2.917262] sd 2:0:0:0: [sda] Attached SCSI disk
[    2.922343] sd 2:0:1:0: [sdb] Attached SCSI disk
[    3.337437] e1000 0000:00:08.0 eth1: (PCI:33MHz:32-bit) 08:00:27:6f:4e:f7
[    3.341593] e1000 0000:00:08.0 eth1: Intel(R) PRO/1000 Network Connection
[    3.351667] e1000 0000:00:03.0 enp0s3: renamed from eth0
[    3.382117] e1000 0000:00:08.0 enp0s8: renamed from eth1
Begin: Loading essential drivers ... [    4.875879] md: linear personality registered for level -1
[    4.882170] md: multipath personality registered for level -4
[    4.888525] md: raid0 personality registered for level 0
[    4.895721] md: raid1 personality registered for level 1
[    4.972474] raid6: sse2x1   gen() 11751 MB/s
[    5.040429] raid6: sse2x1   xor()  7556 MB/s
[    5.109056] raid6: sse2x2   gen() 13069 MB/s
[    5.176884] raid6: sse2x2   xor()  9911 MB/s
[    5.244397] raid6: sse2x4   gen() 16352 MB/s
[    5.312547] raid6: sse2x4   xor() 11080 MB/s
[    5.380872] raid6: avx2x1   gen() 23143 MB/s
[    5.448701] raid6: avx2x2   gen() 27231 MB/s
[    5.516562] raid6: avx2x4   gen() 28504 MB/s
[    5.519505] raid6: using algorithm avx2x4 gen() 28504 MB/s
[    5.523309] raid6: using avx2x2 recovery algorithm
[    5.527651] xor: automatically using best checksumming function:
[    5.569294]    avx       : 25725.000 MB/sec
[    5.573524] async_tx: api initialized (async)
[    5.586315] md: raid6 personality registered for level 6
[    5.590262] md: raid5 personality registered for level 5
[    5.593561] md: raid4 personality registered for level 4
[    5.604027] md: raid10 personality registered for level 10
done.
Begin: Running /scripts/init-premount ... done.
Begin: Mounting root file system ... Begin: Running /scripts/local-top ... done.
Begin: Running /scripts/local-premount ... [    5.638481] Btrfs loaded
Scanning for Btrfs filesystems
done.
Warning: fsck not present, so skipping root file system
[    5.665708] EXT4-fs (sda1): mounted filesystem with ordered data mode. Opts: (null)
done.
Begin: Running /scripts/local-bottom ... done.
Begin: Running /scripts/init-bottom ... done.
[    5.733644] systemd[1]: systemd 229 running in system mode. (+PAM +AUDIT +SELINUX +IMA +APPARMOR +SMACK +SYSVINIT +UTMP +LIBCRYPTSETUP +GCRYPT +GNUTLS +ACL +XZ -LZ4 +SECCOMP +BLKID +ELFUTILS +KMOD -IDN)
[    5.743803] systemd[1]: Detected virtualization oracle.
[    5.747280] systemd[1]: Detected architecture x86-64.

Welcome to [1mUbuntu 16.04.7 LTS[0m!

[    5.757202] systemd[1]: Set hostname to <ubuntu-xenial>.
[    5.861709] systemd[1]: Listening on LVM2 metadata daemon socket.
[[0;32m  OK  [0m] Listening on LVM2 metadata daemon socket.
[    5.873350] systemd[1]: Created slice System Slice.
[[0;32m  OK  [0m] Created slice System Slice.
[    5.885797] systemd[1]: Created slice User and Session Slice.
[[0;32m  OK  [0m] Created slice User and Session Slice.
[    5.897192] systemd[1]: Listening on /dev/initctl Compatibility Named Pipe.
[[0;32m  OK  [0m] Listening on /dev/initctl Compatibility Named Pipe.
[    5.908860] systemd[1]: Started Trigger resolvconf update for networkd DNS.
[[0;32m  OK  [0m] Started Trigger resolvconf update for networkd DNS.
[    5.913891] systemd[1]: Reached target User and Group Name Lookups.
[[0;32m  OK  [0m] Reached target User and Group Name Lookups.
[    5.924566] systemd[1]: Listening on fsck to fsckd communication Socket.
[[0;32m  OK  [0m] Listening on fsck to fsckd communication Socket.
[    5.937237] systemd[1]: Listening on Device-mapper event daemon FIFOs.
[[0;32m  OK  [0m] Listening on Device-mapper event daemon FIFOs.
[    5.948888] systemd[1]: Listening on Syslog Socket.
[[0;32m  OK  [0m] Listening on Syslog Socket.
[    5.960911] systemd[1]: Created slice system-serial\x2dgetty.slice.
[[0;32m  OK  [0m] Created slice system-serial\x2dgetty.slice.
[    5.965413] systemd[1]: Listening on Journal Socket (/dev/log).
[[0;32m  OK  [0m] Listening on Journal Socket (/dev/log).
[    5.977363] systemd[1]: Reached target Swap.
[[0;32m  OK  [0m] Reached target Swap.
[    5.988853] systemd[1]: Reached target Slices.
[[0;32m  OK  [0m] Reached target Slices.
[    5.996637] systemd[1]: Reached target Encrypted Volumes.
[[0;32m  OK  [0m] Reached target Encrypted Volumes.
[    6.005468] systemd[1]: Started Forward Password Requests to Wall Directory Watch.
[[0;32m  OK  [0m] Started Forward Password Requests to Wall Directory Watch.
[    6.017148] systemd[1]: Reached target System Time Synchronized.
[[0;32m  OK  [0m] Reached target System Time Synchronized.
[    6.028926] systemd[1]: Listening on udev Control Socket.
[[0;32m  OK  [0m] Listening on udev Control Socket.
[    6.040607] systemd[1]: Listening on Journal Audit Socket.
[[0;32m  OK  [0m] Listening on Journal Audit Socket.
[    6.045779] systemd[1]: Set up automount Arbitrary Executable File Formats File System Automount Point.
[[0;32m  OK  [0m] Set up automount Arbitrary Executab...ats File System Automount Point.
[    6.061111] systemd[1]: Listening on LVM2 poll daemon socket.
[[0;32m  OK  [0m] Listening on LVM2 poll daemon socket.
[    6.065980] systemd[1]: Listening on udev Kernel Socket.
[[0;32m  OK  [0m] Listening on udev Kernel Socket.
[    6.076691] systemd[1]: Listening on Journal Socket.
[[0;32m  OK  [0m] Listening on Journal Socket.
[    6.101022] systemd[1]: Mounting Huge Pages File System...
         Mounting Huge Pages File System...
[    6.117313] systemd[1]: Mounting POSIX Message Queue File System...
         Mounting POSIX Message Queue File System...
[    6.133036] systemd[1]: Starting Set console keymap...
         Starting Set console keymap...
[    6.140902] systemd[1]: Starting Monitoring of LVM2 mirrors, snapshots etc. using dmeventd or progress polling...
         Starting Monitoring of LVM2 mirrors... dmeventd or progress polling...
[    6.153885] systemd[1]: Starting File System Check on Root Device...
         Starting File System Check on Root Device...
[    6.160578] systemd[1]: Starting Journal Service...
         Starting Journal Service...
[    6.175890] systemd[1]: Starting Nameserver information manager...
         Starting Nameserver information manager...
[    6.189453] systemd[1]: Starting Create list of required static device nodes for the current kernel...
         Starting Create list of required st... nodes for the current kernel...
[    6.210810] systemd[1]: Mounting Debug File System...
         Mounting Debug File System...
[    6.219785] systemd[1]: Starting Uncomplicated firewall...
         Starting Uncomplicated firewall...
[    6.229938] systemd[1]: Starting Load Kernel Modules...
         Starting Load Kernel Modules...
[    6.238043] Loading iSCSI transport class v2.0-870.
[    6.238732] systemd[1]: Mounted Huge Pages File System.
[[0;32m  OK  [0m] Mounted Huge Pages File System.
[  
 6.261354] iscsi: registered transport (tcp)
[    6.261677] systemd[1]: Mounted POSIX Message Queue File System.
[[0;32m  OK  [0m] Mounted POSIX Message Queue File System.
[    6.280734] systemd[1]: Mounted Debug File System.
[[0;32m  OK  [0m] Mounted Debug File System.
[    6.286601] systemd[1]: Started Journal Service.
[[0;32m  OK  [0m] Started Journal Service.
[[0;32m  OK  [0m] Started Set console keymap.
[[0;32m  OK  [[    6.300038] iscsi: registered transport (iser)
0m] Started File System Check on Root Device.
[    6.313878] random: nonblocking pool is initialized
[[0;32m  OK  [0m] Started Create list of required sta...ce nodes for the current kernel.
[[0;32m  OK  [0m] Started Uncomplicated firewall.
[[0;32m  OK  [0m] Started Load Kernel Modules.
[[0;32m  OK  [0m] Started Nameserver information manager.
[[0;32m  OK  [0m] Started File System Check Daemon to report status.
[[0;32m  OK  [0m] Started LVM2 metadata daemon.
         Starting Apply Kernel Variables...
         Mounting FUSE Control File System...
         Starting Create Static Device Nodes in /dev...
         Starting Remount Root and Kernel File Systems...
[[0;32m  OK  [0m] Mounted FUSE Control File System.
[[0;32m  OK  [0m] Started Apply Kernel Variables.
[[0;32m  OK  [0m] Started Create Static Device Nodes in /dev.
[[0;32m  OK  [0m] Started Remount Root and Kernel File Systems.
         Starting udev Coldplug all Devices...
         Starting Flush Journal to Persistent Storage...
         Starting Load/Save Random Seed...
         Starting udev Kernel Device Manager...
[[0;32m  OK  [0m] Started Load/Save Random Seed.
[[0;32m  OK  [0m] Started Flush Journal to Persistent Storage.
[[0;32m  OK  [0m] Started udev Kernel Device Manager.
[[0;32m  OK  [0m] Started udev Coldplug all Devices.
[[0;32m  OK  [0m] Started Dispatch Password Requests to Console Directory Watch.
[[0;32m  OK  [0m] Found device /dev/ttyS0.
[[0;32m  OK  [0m] Listening on Load/Save RF Kill Switch Status /dev/rfkill Watch.
[[0;32m  OK  [0m] Started Monitoring of LVM2 mirrors,...ng dmeventd or progress polling.
[[0;32m  OK  [0m] Reached target Local File Systems (Pre).
[[0;32m  OK  [0m] Reached target Local File Systems.
         Starting Tell Plymouth To Write Out Runtime Data...
         Starting LSB: AppArmor initialization...
         Starting Set console font and keymap...
         Starting Create Volatile Files and Directories...
         Starting Initial cloud-init job (pre-networking)...
[[0;32m  OK  [0m] Started Tell Plymouth To Write Out Runtime Data.
[[0;32m  OK  [0m] Started Create Volatile Files and Directories.
[[0;32m  OK  [0m] Found device 82540EM Gigabit Ethern...r (PRO/1000 MT Desktop Adapter).
         Starting Update UTMP about System Boot/Shutdown...
[[0;32m  OK  [0m] Found device 82540EM Gigabit Ethern...r (PRO/1000 MT Desktop Adapter).
[[0;32m  OK  [0m] Started Update UTMP about System Boot/Shutdown.
[[0;32m  OK  [0m] Started LSB: AppArmor initialization.
         Starting Load AppArmor profiles managed internally by snapd...
[[0;32m  OK  [0m] Started Load AppArmor profiles managed internally by snapd.
[[0;32m  OK  [0m] Started Set console font and keymap.
[[0;32m  OK  [0m] Created slice system-getty.slice.
[    7.782210] cloud-init[676]: Cloud-init v. 21.1-19-gbad84ad4-0ubuntu1~16.04.2 running 'init-local' at Mon, 21 Nov 2022 11:02:13 +0000. Up 7.50 seconds.
[[0;32m  OK  [0m] Started Initial cloud-init job (pre-networking).
[[0;32m  OK  [0m] Reached target Network (Pre).
[[0;32m  OK  [0m] Started ifup for enp0s3.
         Starting Raise network interfaces...
[[0;32m  OK  [0m] Started ifup for enp0s8.
[[0;32m  OK  [0m] Started Raise network interfaces.
[[0;32m  OK  [0m] Reached target Network.
         Starting Initial cloud-init job (metadata service crawler)...
[    8.711550] cloud-init[1080]: Cloud-init v. 21.1-19-gbad84ad4-0ubuntu1~16.04.2 running 'init' at Mon, 21 Nov 2022 11:02:14 +0000. Up 8.41 seconds.
[    8.721164] cloud-init[1080]: ci-info: ++++++++++++++++++++++++++++++++++++++Net device info+++++++++++++++++++++++++++++++++++++++
[    8.728909] cloud-init[1080]: ci-info: +--------+------+-----------------------------+---------------+--------+-------------------+
[    8.736381] cloud-init[1080]: ci-info: | Device |  Up  |           Address           |      Mask     | Scope  |     Hw-Address    |
[    8.744477] cloud-init[1080]: ci-info: +--------+------+-----------------------------+---------------+--------+-------------------+
[    8.752321] cloud-init[1080]: ci-info: | enp0s3 | True |          10.0.2.15          | 255.255.255.0 | global | 02:be:82:6b:cc:1d |
[    8.761120] cloud-init[1080]: ci-info: | enp0s3 | True |  fe80::be:82ff:fe6b:cc1d/64 |       .       |  link  | 02:be:82:6b:cc:1d |
[    8.773101] cloud-init[1080]: ci-info: | enp0s8 | True |        192.168.32.79        | 255.255.255.0 | global | 08:00:27:6f:4e:f7 |
[[0;32m  OK  [0m] Started Initial cloud-init job (metadata service crawler).
[[    8.773286] cloud-init[1080]: ci-info: | enp0s8 | True | fe80::a00:27ff:fe6f:4ef7/64 |       .       |  link  | 08:00:27:6f:4e:f7 |
[0;32m  OK  [0m] Reached target Network is Online.
[    8.781115] cloud-init[1080]: ci-info: |   lo   | True |          127.0.0.1          |   255.0.0.0   |  host  |         .         |
[    8.796306] cloud-init[1080]: ci-info: |   lo   | True |           ::1/128           |       .       |  host  |         .         |
[    8.804174]          cloud-initStarting iSCSI initiator daemon (iscsid)...[1080]: 
ci-info: +--------+------+-----------------------------+---------------+--------+-------------------+
[    8.812979] [cloud-init[0;32m  OK  [0m[1080]: ] ci-info: ++++++++++++++++++++++++++++Route IPv4 info++++++++++++++++++++++++++++Reached target System Initialization.

[    8.820760] [cloud-init[0;32m  OK  [0m[1080]: ] ci-info: +-------+--------------+----------+---------------+-----------+-------+Started Message of the Day.

[    8.828733] cloud-init[1080]: ci-info: | Route | Destination  | Gateway  |    Genmask    | Interface | Flags |
[    8.837471] cloud-init[1080]: ci-info: +-------+--------------+----------+---------------+-----------+-------+
[    8.844240] cloud-init[1080]: ci-info: |   0   |   0.0.0.0    | 10.0.2.2 |    0.0.0.0    |   enp0s3  |   UG  |
[    8.845469] cloud-init[1080]: ci-info: |   1   |   10.0.2.0   | 0.0.0.0  | 255.255.255.0 |   enp0s3  |   U   |
[    8.852973] cloud-init[1080]: ci-info: |   2   | 192.168.32.0 | 0.0.0.0  | 255.255.255.0 |   enp0s8  |   U   |
[[0;32m  OK  [0m] Started Ubuntu Advantage update messaging.
[    8.863336] cloud-init[1080]: ci-info: +-------+--------------+----------+---------------+-----------+-------+
[    8.880457] cloud-init[1080]: ci-info: +++++++++++++++++++Route IPv6 info+++++++++++++++++++
[    8.888272] cloud-init[1080]: ci-info: +-------+-------------+---------+-----------+-------+
[    8.889439] cloud-init[1080]: ci-info: | Route | Destination | Gateway | Interface | Flags |
[[0;32m  OK  [0m] Started ACPI Events Check.
[[0;32m  OK  [0m] Reached target Paths.
[[0;32m  OK  [0m] Started Daily Cleanup of Temporary Directories.
[[0;32m  OK  [0m] Listening on ACPID Listen Socket.
[[0;32m  OK  [0m] Listening on D-Bus System Message Bus Socket.
[    8.898743] cloud-init[1080]: ci-info: +-------+-------------+---------+-----------+-------+
[    8.944929] cloud-init[1080]: ci-info: |   0   |  fe80::/64  |    ::   |   enp0s3  |   U   |
[    8.946234] cloud-init[1080]: ci-info: |   1   |  fe80::/64  |    ::   |   enp0s8  |   U   |
[    8.952675] cloud-init[1080]: ci-info: |   4   |   ff00::/8  |    ::   |   enp0s3  |   U   |
[    8.960523] cloud-init[1080]: ci-info: |   5   |   ff00::/8  |    ::   |   enp0s8  |   U   |
[    8.968266] cloud-init[1080]: ci-info: +-------+-------------+---------+-----------+-------+
         Starting LXD - unix socket.
         Starting Socket activation for snappy daemon.
[[0;32m  OK  [0m] Listening on UUID daemon activation socket.
[[0;32m  OK  [0m] Started Daily apt download activities.
[[0;32m  OK  [0m] Started Daily apt upgrade and clean activities.
[[0;32m  OK  [0m] Reached target Timers.
[[0;32m  OK  [0m] Reached target Cloud-config availability.
[[0;32m  OK  [0m] Listening on LXD - unix socket.
[[0;32m  OK  [0m] Listening on Socket activation for snappy daemon.
[[0;32m  OK  [0m] Started iSCSI initiator daemon (iscsid).
         Starting Login to default iSCSI targets...
[[0;32m  OK  [0m] Reached target Sockets.
[[0;32m  OK  [0m] Reached target Basic System.
         Starting Login Service...
         Starting LSB: Record successful boot for GRUB...
         Starting System Logging Service...
         Starting A high performance web server and a reverse proxy server...
[[0;32m  OK  [0m] Started FUSE filesystem for LXC.
         Starting /etc/rc.local Compatibility...
[[0;32m  OK  [0m] Started Regular background program processing daemon.
[[0;32m  OK  [0m] Started D-Bus System Message Bus.
         Starting Accounts Service...
         Starting LSB: MD monitoring daemon...
         Starting OpenBSD Secure Shell server...
         Starting Snap Daemon...
[[0;32m  OK  [0m] Started Deferred execution scheduler.
[[0;32m  OK  [0m] Started ACPI event daemon.
         Starting vboxadd.service...
         Starting LXD - container startup/shutdown...
[[0;32m  OK  [0m] Started System Logging Service.
[[0;32m  OK  [0m] Started /etc/rc.local Compatibility.
[[0;32m  OK  [0m] Started OpenBSD Secure Shell server.
[[0;32m  OK  [0m] Started A high performance web server and a reverse proxy server.
[[0;32m  OK  [0m] Started LSB: MD monitoring daemon.
[[0;32m  OK  [0m] Started Login Service.
[[0;32m  OK  [0m] Started LSB: Record successful boot for GRUB.
[[0;32m  OK  [0m] Started Unattended Upgrades Shutdown.
         Starting Authenticate and Authorize Users to Run Privileged Tasks...
[[0;32m  OK  [0m] Started Login to default iSCSI targets.
[[0;32m  OK  [0m] Reached target Remote File Systems (Pre).
         Mounting /Prueba/shared...
         Mounting /vagrant...
[[0;1;31mFAILED[0m] Failed to mount /vagrant.
See 'systemctl status vagrant.mount' for details.
[[0;1;33mDEPEND[0m] Dependency failed for Remote File Systems.
[[0;32m  OK  [0m] Started LXD - container startup/shutdown.
[[0;1;31mFAILED[0m] Failed to mount /Prueba/shared.
See 'systemctl status Prueba-shared.mount' for details.
[[0;32m  OK  [0m] Started Authenticate and Authorize Users to Run Privileged Tasks.
[[0;32m  OK  [0m] Started Accounts Service.
         Starting LSB: Set the CPU Frequency Scaling governor to "ondemand"...
         Starting LSB: daemon to balance interrupts for SMP systems...
         Starting Permit User Sessions...
         Starting LSB: automatic crash report generation...
[[0;32m  OK  [0m] Started Permit User Sessions.
         Starting Hold until boot process finishes up...
         Starting Terminate Plymouth Boot Screen...
[[0;32m  OK  [0m] Started Hold until boot process finishes up.
[[0;32m  OK  [0m] Started Snap Daemon.
[[0;32m  OK  [0m] Started LSB: Set the CPU Frequency Scaling governor to "ondemand".
[[0;32m  OK  [0m] Started Terminate Plymouth Boot Screen.
[[0;32m  OK  [0m] Started LSB: automatic crash report generation.
         Starting Wait until snapd is fully seeded...
[[0;32m  OK  [0m] Started Serial Getty on ttyS0.
         Starting Set console scheme...
[[0;32m  OK  [0m] Started Getty on tty1.
[[0;32m  OK  [0m] Reached target Login Prompts.
[[0;32m  OK  [0m] Started LSB: daemon to balance interrupts for SMP systems.
[[0;32m  OK  [0m] Started Set console scheme.
[[0;32m  OK  [0m] Started Wait until snapd is fully seeded.
         Starting Apply the settings specified in cloud-config...
[   10.210849] cloud-init[1358]: Cloud-init v. 21.1-19-gbad84ad4-0ubuntu1~16.04.2 running 'modules:config' at Mon, 21 Nov 2022 11:02:16 +0000. Up 10.04 seconds.
[[0;32m  OK  [0m] Started Apply the settings specified in cloud-config.
[[0;32m  OK  [0m] Created slice User Slice of vagrant.
         Starting User Manager for UID 1000...
[[0;32m  OK  [0m] Started Session 1 of user vagrant.
[[0;32m  OK  [0m] Started User Manager for UID 1000.

Ubuntu 16.04.7 LTS ubuntu-xenial ttyS0

ubuntu-xenial login: [   15.675144] cloud-init[2769]: Cloud-init v. 21.1-19-gbad84ad4-0ubuntu1~16.04.2 running 'modules:final' at Mon, 21 Nov 2022 11:02:21 +0000. Up 15.52 seconds.
[   15.675434] cloud-init[2769]: Cloud-init v. 21.1-19-gbad84ad4-0ubuntu1~16.04.2 finished at Mon, 21 Nov 2022 11:02:21 +0000. Datasource DataSourceNoCloud [seed=/dev/sdb][dsmode=net].  Up 15.66 seconds
